Determining if the pthread_create exist failed with the following output:
Change Dir: /home/alex/Desktop/ROS_tutorials/build/CMakeFiles/CMakeTmp

Run Build Command:"/usr/bin/make" "cmTC_90d2b/fast"
/usr/bin/make -f CMakeFiles/cmTC_90d2b.dir/build.make CMakeFiles/cmTC_90d2b.dir/build
make[1]: Entering directory '/home/alex/Desktop/ROS_tutorials/build/CMakeFiles/CMakeTmp'
Building C object CMakeFiles/cmTC_90d2b.dir/CheckSymbolExists.c.o
/usr/bin/cc     -o CMakeFiles/cmTC_90d2b.dir/CheckSymbolExists.c.o   -c /home/alex/Desktop/ROS_tutorials/build/CMakeFiles/CMakeTmp/CheckSymbolExists.c
Linking C executable cmTC_90d2b
/usr/bin/cmake -E cmake_link_script CMakeFiles/cmTC_90d2b.dir/link.txt --verbose=1
/usr/bin/cc       CMakeFiles/cmTC_90d2b.dir/CheckSymbolExists.c.o  -o cmTC_90d2b -rdynamic 
CMakeFiles/cmTC_90d2b.dir/CheckSymbolExists.c.o: In function `main':
CheckSymbolExists.c:(.text+0x16): undefined reference to `pthread_create'
collect2: error: ld returned 1 exit status
CMakeFiles/cmTC_90d2b.dir/build.make:97: recipe for target 'cmTC_90d2b' failed
make[1]: *** [cmTC_90d2b] Error 1
make[1]: Leaving directory '/home/alex/Desktop/ROS_tutorials/build/CMakeFiles/CMakeTmp'
Makefile:126: recipe for target 'cmTC_90d2b/fast' failed
make: *** [cmTC_90d2b/fast] Error 2

File /home/alex/Desktop/ROS_tutorials/build/CMakeFiles/CMakeTmp/CheckSymbolExists.c:
/* */
#include <pthread.h>

int main(int argc, char** argv)
{
  (void)argv;
#ifndef pthread_create
  return ((int*)(&pthread_create))[argc];
#else
  (void)argc;
  return 0;
#endif
}

Determining if the function pthread_create exists in the pthreads failed with the following output:
Change Dir: /home/alex/Desktop/ROS_tutorials/build/CMakeFiles/CMakeTmp

Run Build Command:"/usr/bin/make" "cmTC_a5bde/fast"
/usr/bin/make -f CMakeFiles/cmTC_a5bde.dir/build.make CMakeFiles/cmTC_a5bde.dir/build
make[1]: Entering directory '/home/alex/Desktop/ROS_tutorials/build/CMakeFiles/CMakeTmp'
Building C object CMakeFiles/cmTC_a5bde.dir/CheckFunctionExists.c.o
/usr/bin/cc    -DCHECK_FUNCTION_EXISTS=pthread_create   -o CMakeFiles/cmTC_a5bde.dir/CheckFunctionExists.c.o   -c /usr/share/cmake-3.5/Modules/CheckFunctionExists.c
Linking C executable cmTC_a5bde
/usr/bin/cmake -E cmake_link_script CMakeFiles/cmTC_a5bde.dir/link.txt --verbose=1
/usr/bin/cc   -DCHECK_FUNCTION_EXISTS=pthread_create    CMakeFiles/cmTC_a5bde.dir/CheckFunctionExists.c.o  -o cmTC_a5bde -rdynamic -lpthreads 
/usr/bin/ld: cannot find -lpthreads
collect2: error: ld returned 1 exit status
CMakeFiles/cmTC_a5bde.dir/build.make:97: recipe for target 'cmTC_a5bde' failed
make[1]: *** [cmTC_a5bde] Error 1
make[1]: Leaving directory '/home/alex/Desktop/ROS_tutorials/build/CMakeFiles/CMakeTmp'
Makefile:126: recipe for target 'cmTC_a5bde/fast' failed
make: *** [cmTC_a5bde/fast] Error 2


